<?xml version="1.0" encoding="UTF-8"?>
<!-- Generated by org.testng.reporters.JUnitReportReporter -->
<testsuite skipped="0" hostname="LAPTOP-SO1S0EM0" name="sergey_potapov.test_automation.task4.ProductAdditionToBasketTest" tests="1" failures="0" timestamp="01 Apr 2017 12:57:58 GMT" time="23.433" errors="0">
  <testcase name="AddProductTest" time="23.433" classname="sergey_potapov.test_automation.task4.ProductAdditionToBasketTest"/>
</testsuite> <!-- sergey_potapov.test_automation.task4.ProductAdditionToBasketTest -->
