<?xml version="1.0" encoding="UTF-8"?>
<!-- Generated by org.testng.reporters.JUnitReportReporter -->
<testsuite skipped="0" hostname="LAPTOP-SO1S0EM0" name="pages.task4.OperatorContentTest" tests="2" failures="0" timestamp="01 Apr 2017 12:57:58 GMT" time="22.985" errors="0">
  <testcase name="toPrinter" time="0.004" classname="pages.task4.OperatorContentTest"/>
  <testcase name="AddProductTest" time="22.981" classname="pages.task4.OperatorContentTest"/>
</testsuite> <!-- pages.task4.OperatorContentTest -->
