<?xml version="1.0" encoding="UTF-8"?>
<!-- Generated by org.testng.reporters.JUnitReportReporter -->
<testsuite skipped="0" hostname="LAPTOP-SO1S0EM0" name="sergey_potapov.test_automation.task4.MyTest" tests="2" failures="0" timestamp="01 Apr 2017 12:57:58 GMT" time="22.985" errors="0">
  <testcase name="toPrinter" time="0.004" classname="sergey_potapov.test_automation.task4.MyTest"/>
  <testcase name="AddProductTest" time="22.981" classname="sergey_potapov.test_automation.task4.MyTest"/>
</testsuite> <!-- sergey_potapov.test_automation.task4.MyTest -->
